{
  "stats": {
    "suites": 2,
    "tests": 1,
    "passes": 1,
    "pending": 0,
    "failures": 0,
    "start": "2019-08-02T16:56:19.176Z",
    "end": "2019-08-02T16:56:19.221Z",
    "duration": 45,
    "testsRegistered": 1,
    "passPercent": 100,
    "pendingPercent": 0,
    "other": 0,
    "hasOther": false,
    "skipped": 0,
    "hasSkipped": false
  },
  "results": [
    {
      "uuid": "cf147ba9-9db7-4e6d-8db2-2d857479c395",
      "title": "",
      "fullFile": "",
      "file": "",
      "beforeHooks": [],
      "afterHooks": [],
      "tests": [],
      "suites": [
        {
          "uuid": "9bae406f-bd43-47e7-b5b8-0e5b60eec9eb",
          "title": "API",
          "fullFile": "E:\\DevOps-RampUp\\movie-analyst-api\\test\\test.js",
          "file": "\\test\\test.js",
          "beforeHooks": [],
          "afterHooks": [],
          "tests": [],
          "suites": [
            {
              "uuid": "a8ae118c-5bec-4c7e-9cf7-8c9a5126eae9",
              "title": "/GET home",
              "fullFile": "E:\\DevOps-RampUp\\movie-analyst-api\\test\\test.js",
              "file": "\\test\\test.js",
              "beforeHooks": [],
              "afterHooks": [],
              "tests": [
                {
                  "title": "it should GET any reply",
                  "fullTitle": "API /GET home it should GET any reply",
                  "timedOut": false,
                  "duration": 28,
                  "state": "passed",
                  "speed": "fast",
                  "pass": true,
                  "fail": false,
                  "pending": false,
                  "context": null,
                  "code": "chai.request(server)\n    .get('/')\n    .end((err, res) => {\n        res.should.have.status(200);\n      done();\n    });",
                  "err": {},
                  "uuid": "08e1efc4-8031-4867-8b52-ce360778f68b",
                  "parentUUID": "a8ae118c-5bec-4c7e-9cf7-8c9a5126eae9",
                  "isHook": false,
                  "skipped": false
                }
              ],
              "suites": [],
              "passes": [
                "08e1efc4-8031-4867-8b52-ce360778f68b"
              ],
              "failures": [],
              "pending": [],
              "skipped": [],
              "duration": 28,
              "root": false,
              "rootEmpty": false,
              "_timeout": 2000
            }
          ],
          "passes": [],
          "failures": [],
          "pending": [],
          "skipped": [],
          "duration": 0,
          "root": false,
          "rootEmpty": false,
          "_timeout": 2000
        }
      ],
      "passes": [],
      "failures": [],
      "pending": [],
      "skipped": [],
      "duration": 0,
      "root": true,
      "rootEmpty": true,
      "_timeout": 2000
    }
  ],
  "meta": {
    "mocha": {
      "version": "3.5.3"
    },
    "mochawesome": {
      "options": {
        "quiet": false,
        "reportFilename": "mochawesome",
        "saveHtml": true,
        "saveJson": true,
        "useInlineDiffs": false
      },
      "version": "4.0.1"
    },
    "marge": {
      "options": {},
      "version": "4.0.1"
    }
  }
}